{"logTime": "0624/074539", "correlationVector":"TYqn7wL5CzwJ7+Sf76s4Q5","action":"SyncServerConnectionManagerRequest", "result":"SYNC_SERVER_OK", "context":{"environment":"", "migrationStage":"", "server":""}}
{"logTime": "0624/074540", "correlationVector":"OyrdrapGiRupAEnD2bAGol.1","action":"SyncServerConnectionManagerRequest", "result":"SYNC_SERVER_OK", "context":{"environment":"Prod_SoutheastAsia_000j", "migrationStage":"NotStarted", "server":"GENERAL01000004"}}
{"logTime": "0624/074540", "correlationVector":"OyrdrapGiRupAEnD2bAGol","action":"Initial GetUpdates", "result":"", "context":Reason: NEW_CLIENT. cV=OyrdrapGiRupAEnD2bAGol}
{"logTime": "0624/074540", "correlationVector":"OyrdrapGiRupAEnD2bAGol.2","action":"GetUpdates Response", "result":"SYNCER_OK", "context":Received 1 update(s). cV=OyrdrapGiRupAEnD2bAGol.0;server=GENERAL01000004;cloudType=Consumer;environment=Prod_SoutheastAsia_000j;migrationStage=NotStarted}
{"logTime": "0624/074552", "correlationVector":"Qd783/pCKaIoNabvFv0pBK","action":"Initial GetUpdates", "result":"", "context":Reason: NEW_CLIENT. cV=Qd783/pCKaIoNabvFv0pBK}
{"logTime": "0624/074552", "correlationVector":"Qd783/pCKaIoNabvFv0pBK.1","action":"SyncServerConnectionManagerRequest", "result":"SYNC_SERVER_OK", "context":{"environment":"Prod_SoutheastAsia_000j", "migrationStage":"NotStarted", "server":"GENERAL0100000S"}}
{"logTime": "0624/074552", "correlationVector":"Qd783/pCKaIoNabvFv0pBK.2","action":"GetUpdates Response", "result":"SYNCER_OK", "context":Received 9 update(s). cV=Qd783/pCKaIoNabvFv0pBK.0;server=GENERAL0100000S;cloudType=Consumer;environment=Prod_SoutheastAsia_000j;migrationStage=NotStarted}
{"logTime": "0624/074552", "correlationVector":"b+CJDgzUAjunYri22pC2oV","action":"Normal GetUpdate request", "result":"", "context":cV=b+CJDgzUAjunYri22pC2oV
Nudged types: Device Info, User Consents
Notified types: Device Info
Refresh requested types: Device Info, User Consents, Send Tab To Self, Encryption Keys}
{"logTime": "0624/074552", "correlationVector":"b+CJDgzUAjunYri22pC2oV.1","action":"SyncServerConnectionManagerRequest", "result":"SYNC_SERVER_OK", "context":{"environment":"Prod_SoutheastAsia_000j", "migrationStage":"NotStarted", "server":"GENERAL0100001D"}}
{"logTime": "0624/074552", "correlationVector":"b+CJDgzUAjunYri22pC2oV.2","action":"GetUpdates Response", "result":"SYNCER_OK", "context":Received 0 update(s). cV=b+CJDgzUAjunYri22pC2oV.0;server=GENERAL0100001D;cloudType=Consumer;environment=Prod_SoutheastAsia_000j;migrationStage=NotStarted}
{"logTime": "0624/074552", "correlationVector":"R38+OkHd32eSrFjLPTKyfj","action":"Commit Request", "result":"", "context":Item count: 1
Contributing types: Device Info}
{"logTime": "0624/074553", "correlationVector":"R38+OkHd32eSrFjLPTKyfj.1","action":"SyncServerConnectionManagerRequest", "result":"SYNC_SERVER_OK", "context":{"environment":"Prod_SoutheastAsia_000j", "migrationStage":"NotStarted", "server":"GENERAL0100000P"}}
{"logTime": "0624/074553", "correlationVector":"R38+OkHd32eSrFjLPTKyfj.2","action":"Commit Response", "result":"SYNCER_OK", "context":Result: SYNCER_OK. cV=R38+OkHd32eSrFjLPTKyfj.0;server=GENERAL0100000P;cloudType=Consumer;environment=Prod_SoutheastAsia_000j;migrationStage=NotStarted}
{"logTime": "0624/074553", "correlationVector":"gc/+j59/rl/Pe3/0Udzh2Y","action":"Commit Request", "result":"", "context":Item count: 2
Contributing types: User Consents}
{"logTime": "0624/074554", "correlationVector":"gc/+j59/rl/Pe3/0Udzh2Y.1","action":"SyncServerConnectionManagerRequest", "result":"SYNC_SERVER_OK", "context":{"environment":"Prod_SoutheastAsia_000j", "migrationStage":"NotStarted", "server":"GENERAL0100000T"}}
{"logTime": "0624/074554", "correlationVector":"gc/+j59/rl/Pe3/0Udzh2Y.2","action":"Commit Response", "result":"SYNCER_OK", "context":Result: SYNCER_OK. cV=gc/+j59/rl/Pe3/0Udzh2Y.0;server=GENERAL0100000T;cloudType=Consumer;environment=Prod_SoutheastAsia_000j;migrationStage=NotStarted}
